[debug] ----------------------------------------------------------------------
[debug] Command:      /usr/local/Cellar/node@6/6.10.3/bin/node /usr/local/bin/firebase deploy --debug
[debug] CLI Version:  3.9.0
[debug] Platform:     darwin
[debug] Node Version: v6.10.3
[debug] Time:         Tue May 23 2017 15:41:58 GMT-0700 (PDT)
[debug] ----------------------------------------------------------------------
[debug] 
[debug] > command requires scopes: ["email","openid","https://www.googleapis.com/auth/cloudplatformprojects.readonly","https://www.googleapis.com/auth/firebase","https://www.googleapis.com/auth/cloud-platform"]
[debug] >>> HTTP REQUEST GET https://admin.firebase.com/v1/projects/earthlab-30d4e  
 Tue May 23 2017 15:41:58 GMT-0700 (PDT)
[debug] <<< HTTP RESPONSE 200
[debug] >>> HTTP REQUEST GET https://admin.firebase.com/v1/database/earthlab-30d4e/tokens  
 Tue May 23 2017 15:41:58 GMT-0700 (PDT)
[debug] <<< HTTP RESPONSE 200
[info] 
[info] === Deploying to 'earthlab-30d4e'...
[info] 
[info] i  deploying hosting
[info] i  hosting: preparing public directory for upload...
[warn] ⚠  Warning: Public directory does not contain index.html
[debug] >>> HTTP REQUEST PUT https://deploy.firebase.com/v1/hosting/earthlab-30d4e/uploads/-KkrTKq9Nu8kRer1vd3S?fileCount=12&message=  
 Tue May 23 2017 15:42:02 GMT-0700 (PDT)
[debug] <<< HTTP RESPONSE 200
[debug] [hosting] .tgz uploaded successfully, waiting for extraction
[info] ✔  hosting: 12 files uploaded successfully
[info] i  starting release process (may take several minutes)...
[debug] >>> HTTP REQUEST POST https://deploy.firebase.com/v1/projects/earthlab-30d4e/releases { hosting: 
   { public: 'public',
     ignore: [ 'firebase.json', '**/.*', '**/node_modules/**' ],
     version: '-KkrTKq9Nu8kRer1vd3S',
     prefix: '-KkrTKq9Nu8kRer1vd3S/',
     manifest: [] } } 
 Tue May 23 2017 15:42:10 GMT-0700 (PDT)
[debug] <<< HTTP RESPONSE 200
[debug] ----------------------------------------------------------------------
[debug] Command:      /usr/local/Cellar/node@6/6.10.3/bin/node /usr/local/bin/firebase deploy --debug
[debug] CLI Version:  3.9.0
[debug] Platform:     darwin
[debug] Node Version: v6.10.3
[debug] Time:         Tue May 23 2017 15:42:33 GMT-0700 (PDT)
[debug] ----------------------------------------------------------------------
[debug] 
[debug] > command requires scopes: ["email","openid","https://www.googleapis.com/auth/cloudplatformprojects.readonly","https://www.googleapis.com/auth/firebase","https://www.googleapis.com/auth/cloud-platform"]
[debug] >>> HTTP REQUEST GET https://admin.firebase.com/v1/projects/earthlab-30d4e  
 Tue May 23 2017 15:42:33 GMT-0700 (PDT)
[debug] <<< HTTP RESPONSE 200
[debug] >>> HTTP REQUEST GET https://admin.firebase.com/v1/database/earthlab-30d4e/tokens  
 Tue May 23 2017 15:42:34 GMT-0700 (PDT)
[debug] <<< HTTP RESPONSE 200
[info] 
[info] === Deploying to 'earthlab-30d4e'...
[info] 
[info] i  deploying hosting
[info] i  hosting: preparing public directory for upload...
[warn] ⚠  Warning: Public directory does not contain index.html
[debug] >>> HTTP REQUEST PUT https://deploy.firebase.com/v1/hosting/earthlab-30d4e/uploads/-KkrTTRrB_XuMdGqavCd?fileCount=12&message=  
 Tue May 23 2017 15:42:37 GMT-0700 (PDT)
[debug] <<< HTTP RESPONSE 200
[debug] [hosting] .tgz uploaded successfully, waiting for extraction
[info] ✔  hosting: 12 files uploaded successfully
[info] i  starting release process (may take several minutes)...
[debug] >>> HTTP REQUEST POST https://deploy.firebase.com/v1/projects/earthlab-30d4e/releases { hosting: 
   { public: 'public',
     ignore: [ 'firebase.json', '**/.*', '**/node_modules/**' ],
     version: '-KkrTTRrB_XuMdGqavCd',
     prefix: '-KkrTTRrB_XuMdGqavCd/',
     manifest: [] } } 
 Tue May 23 2017 15:42:46 GMT-0700 (PDT)
[debug] <<< HTTP RESPONSE 200
[debug] ----------------------------------------------------------------------
[debug] Command:      /usr/local/Cellar/node@6/6.10.3/bin/node /usr/local/bin/firebase deploy --debug
[debug] CLI Version:  3.9.0
[debug] Platform:     darwin
[debug] Node Version: v6.10.3
[debug] Time:         Tue May 23 2017 15:43:36 GMT-0700 (PDT)
[debug] ----------------------------------------------------------------------
[debug] 
[debug] > command requires scopes: ["email","openid","https://www.googleapis.com/auth/cloudplatformprojects.readonly","https://www.googleapis.com/auth/firebase","https://www.googleapis.com/auth/cloud-platform"]
[debug] >>> HTTP REQUEST GET https://admin.firebase.com/v1/projects/earthlab-30d4e  
 Tue May 23 2017 15:43:36 GMT-0700 (PDT)
[debug] <<< HTTP RESPONSE 200
[debug] >>> HTTP REQUEST GET https://admin.firebase.com/v1/database/earthlab-30d4e/tokens  
 Tue May 23 2017 15:43:36 GMT-0700 (PDT)
[debug] <<< HTTP RESPONSE 200
[info] 
[info] === Deploying to 'earthlab-30d4e'...
[info] 
[info] i  deploying hosting
[info] i  hosting: preparing public directory for upload...
[debug] >>> HTTP REQUEST PUT https://deploy.firebase.com/v1/hosting/earthlab-30d4e/uploads/-KkrThmlEPCVadWMnHTA?fileCount=12&message=  
 Tue May 23 2017 15:43:40 GMT-0700 (PDT)
[debug] <<< HTTP RESPONSE 200
[debug] [hosting] .tgz uploaded successfully, waiting for extraction
[info] ✔  hosting: 12 files uploaded successfully
[info] i  starting release process (may take several minutes)...
[debug] >>> HTTP REQUEST POST https://deploy.firebase.com/v1/projects/earthlab-30d4e/releases { hosting: 
   { public: 'public',
     ignore: [ 'firebase.json', '**/.*', '**/node_modules/**' ],
     version: '-KkrThmlEPCVadWMnHTA',
     prefix: '-KkrThmlEPCVadWMnHTA/',
     manifest: [] } } 
 Tue May 23 2017 15:43:48 GMT-0700 (PDT)
[debug] <<< HTTP RESPONSE 200
